2015/12/01 19:53:08 [error] [php] date(): It is not safe to rely on the system's timezone settings. You are *required* to use the date.timezone setting or the date_default_timezone_set() function. In case you used any of those methods and you are still getting this warning, you most likely misspelled the timezone identifier. We selected the timezone 'UTC' for now, but please set date.timezone to select your timezone. (C:\Users\root\Desktop\PHP\USBWebserver v8.6\root\blog\protected\views\layouts\main.php:51)
Stack trace:
#0 C:\Users\root\Desktop\PHP\USBWebserver v8.6\root\yii1\framework\web\CBaseController.php(95): SiteController->renderInternal()
#1 C:\Users\root\Desktop\PHP\USBWebserver v8.6\root\yii1\framework\web\widgets\CContentDecorator.php(76): SiteController->renderFile()
#2 C:\Users\root\Desktop\PHP\USBWebserver v8.6\root\yii1\framework\web\widgets\CContentDecorator.php(54): CContentDecorator->decorate()
#3 C:\Users\root\Desktop\PHP\USBWebserver v8.6\root\yii1\framework\web\widgets\COutputProcessor.php(44): CContentDecorator->processOutput()
#4 C:\Users\root\Desktop\PHP\USBWebserver v8.6\root\yii1\framework\web\CBaseController.php(214): CContentDecorator->run()
#5 C:\Users\root\Desktop\PHP\USBWebserver v8.6\root\yii1\framework\web\CBaseController.php(308): SiteController->endWidget()
#6 C:\Users\root\Desktop\PHP\USBWebserver v8.6\root\blog\protected\views\layouts\column1.php(6): SiteController->endContent()
#7 C:\Users\root\Desktop\PHP\USBWebserver v8.6\root\yii1\framework\web\CBaseController.php(126): require()
#8 C:\Users\root\Desktop\PHP\USBWebserver v8.6\root\yii1\framework\web\CBaseController.php(95): SiteController->renderInternal()
#9 C:\Users\root\Desktop\PHP\USBWebserver v8.6\root\yii1\framework\web\CController.php(784): SiteController->renderFile()
#10 C:\Users\root\Desktop\PHP\USBWebserver v8.6\root\blog\protected\controllers\SiteController.php(32): SiteController->render()
#11 C:\Users\root\Desktop\PHP\USBWebserver v8.6\root\yii1\framework\web\actions\CInlineAction.php(49): SiteController->actionIndex()
#12 C:\Users\root\Desktop\PHP\USBWebserver v8.6\root\yii1\framework\web\CController.php(308): CInlineAction->runWithParams()
#13 C:\Users\root\Desktop\PHP\USBWebserver v8.6\root\yii1\framework\web\CController.php(286): SiteController->runAction()
#14 C:\Users\root\Desktop\PHP\USBWebserver v8.6\root\yii1\framework\web\CController.php(265): SiteController->runActionWithFilters()
#15 C:\Users\root\Desktop\PHP\USBWebserver v8.6\root\yii1\framework\web\CWebApplication.php(282): SiteController->run()
#16 C:\Users\root\Desktop\PHP\USBWebserver v8.6\root\yii1\framework\web\CWebApplication.php(141): CWebApplication->runController()
#17 C:\Users\root\Desktop\PHP\USBWebserver v8.6\root\yii1\framework\base\CApplication.php(184): CWebApplication->processRequest()
#18 C:\Users\root\Desktop\PHP\USBWebserver v8.6\root\blog\index.php(13): CWebApplication->run()
REQUEST_URI=/
in C:\Users\root\Desktop\PHP\USBWebserver v8.6\root\blog\protected\views\layouts\main.php (51)
in C:\Users\root\Desktop\PHP\USBWebserver v8.6\root\blog\protected\views\layouts\column1.php (6)
in C:\Users\root\Desktop\PHP\USBWebserver v8.6\root\blog\protected\controllers\SiteController.php (32)
2015/12/01 19:53:16 [error] [php] date(): It is not safe to rely on the system's timezone settings. You are *required* to use the date.timezone setting or the date_default_timezone_set() function. In case you used any of those methods and you are still getting this warning, you most likely misspelled the timezone identifier. We selected the timezone 'UTC' for now, but please set date.timezone to select your timezone. (C:\Users\root\Desktop\PHP\USBWebserver v8.6\root\blog\protected\views\layouts\main.php:51)
Stack trace:
#0 C:\Users\root\Desktop\PHP\USBWebserver v8.6\root\yii1\framework\web\CBaseController.php(95): SiteController->renderInternal()
#1 C:\Users\root\Desktop\PHP\USBWebserver v8.6\root\yii1\framework\web\widgets\CContentDecorator.php(76): SiteController->renderFile()
#2 C:\Users\root\Desktop\PHP\USBWebserver v8.6\root\yii1\framework\web\widgets\CContentDecorator.php(54): CContentDecorator->decorate()
#3 C:\Users\root\Desktop\PHP\USBWebserver v8.6\root\yii1\framework\web\widgets\COutputProcessor.php(44): CContentDecorator->processOutput()
#4 C:\Users\root\Desktop\PHP\USBWebserver v8.6\root\yii1\framework\web\CBaseController.php(214): CContentDecorator->run()
#5 C:\Users\root\Desktop\PHP\USBWebserver v8.6\root\yii1\framework\web\CBaseController.php(308): SiteController->endWidget()
#6 C:\Users\root\Desktop\PHP\USBWebserver v8.6\root\blog\protected\views\layouts\column1.php(6): SiteController->endContent()
#7 C:\Users\root\Desktop\PHP\USBWebserver v8.6\root\yii1\framework\web\CBaseController.php(126): require()
#8 C:\Users\root\Desktop\PHP\USBWebserver v8.6\root\yii1\framework\web\CBaseController.php(95): SiteController->renderInternal()
#9 C:\Users\root\Desktop\PHP\USBWebserver v8.6\root\yii1\framework\web\CController.php(784): SiteController->renderFile()
#10 C:\Users\root\Desktop\PHP\USBWebserver v8.6\root\blog\protected\controllers\SiteController.php(32): SiteController->render()
#11 C:\Users\root\Desktop\PHP\USBWebserver v8.6\root\yii1\framework\web\actions\CInlineAction.php(49): SiteController->actionIndex()
#12 C:\Users\root\Desktop\PHP\USBWebserver v8.6\root\yii1\framework\web\CController.php(308): CInlineAction->runWithParams()
#13 C:\Users\root\Desktop\PHP\USBWebserver v8.6\root\yii1\framework\web\CController.php(286): SiteController->runAction()
#14 C:\Users\root\Desktop\PHP\USBWebserver v8.6\root\yii1\framework\web\CController.php(265): SiteController->runActionWithFilters()
#15 C:\Users\root\Desktop\PHP\USBWebserver v8.6\root\yii1\framework\web\CWebApplication.php(282): SiteController->run()
#16 C:\Users\root\Desktop\PHP\USBWebserver v8.6\root\yii1\framework\web\CWebApplication.php(141): CWebApplication->runController()
#17 C:\Users\root\Desktop\PHP\USBWebserver v8.6\root\yii1\framework\base\CApplication.php(184): CWebApplication->processRequest()
#18 C:\Users\root\Desktop\PHP\USBWebserver v8.6\root\blog\index.php(13): CWebApplication->run()
REQUEST_URI=/index.php
in C:\Users\root\Desktop\PHP\USBWebserver v8.6\root\blog\protected\views\layouts\main.php (51)
in C:\Users\root\Desktop\PHP\USBWebserver v8.6\root\blog\protected\views\layouts\column1.php (6)
in C:\Users\root\Desktop\PHP\USBWebserver v8.6\root\blog\protected\controllers\SiteController.php (32)
